<?xml version="1.0" encoding="UTF-8"?>
<testsuite xmlns:xsi="http://www.w3.org/2001/XMLSchema-instance" xsi:noNamespaceSchemaLocation="https://maven.apache.org/surefire/maven-surefire-plugin/xsd/surefire-test-report-3.0.xsd" version="3.0" name="tests.RegisterTest" time="29.933" tests="2" errors="0" skipped="0" failures="0">
  <properties>
[...]
</properties>
  <testcase name="registerNewUserSuccess" classname="tests.RegisterTest" time="15.633">
    <system-out><![CDATA[Создание пользователя: {"success":true,"user":{"email":"user1747224553711585@example.com","name":"User8093"},"accessToken":"Bearer eyJhbGciOiJIUzI1NiIsInR5cCI6IkpXVCJ9.eyJpZCI6IjY4MjQ4N2ViOWVkMjgwMDAxYjVlOWEyZCIsImlhdCI6MTc0NzIyNDU1NSwiZXhwIjoxNzQ3MjI1NzU1fQ.3aKrDFkwm7lk7_8oYXzg0jRlQQIRDXtIui-9AMQ6oyk","refreshToken":"d3ae079b0defd555fbef50a079abe4aa6bb651243d624d4e7942714bfe2cdfcb47ac4fe70a8dd217"}
Логин пользователя: {"success":true,"accessToken":"Bearer eyJhbGciOiJIUzI1NiIsInR5cCI6IkpXVCJ9.eyJpZCI6IjY4MjQ4N2ViOWVkMjgwMDAxYjVlOWEyZCIsImlhdCI6MTc0NzIyNDU1NSwiZXhwIjoxNzQ3MjI1NzU1fQ.3aKrDFkwm7lk7_8oYXzg0jRlQQIRDXtIui-9AMQ6oyk","refreshToken":"db638004fe047017af4ea29399a7f3d04e371b8a4610dded60ca4e5ce9eb49ec28619ba362a9e257","user":{"email":"user1747224553711585@example.com","name":"User8093"}}
Логин пользователя: {"success":true,"accessToken":"Bearer eyJhbGciOiJIUzI1NiIsInR5cCI6IkpXVCJ9.eyJpZCI6IjY4MjQ4N2YwOWVkMjgwMDAxYjVlOWEzMCIsImlhdCI6MTc0NzIyNDU2MSwiZXhwIjoxNzQ3MjI1NzYxfQ.mcoorYgucXJuMuTVliOXIEeitq_aLI2TKzyGleliUUU","refreshToken":"bac70df9ec47f1c75561a5a2fb187a98a921a7ba0bfe5c6aa6bfc52a6356f24f4e16a56bd6806f79","user":{"email":"user1747224554363972@example.com","name":"User8255"}}
Удаление пользователя: {"success":true,"message":"User successfully removed"}
]]></system-out>
    <system-err><![CDATA[мая 14, 2025 3:09:13 PM org.openqa.selenium.devtools.CdpVersionFinder findNearestMatch
WARNING: Unable to find CDP implementation matching 136
мая 14, 2025 3:09:13 PM org.openqa.selenium.chromium.ChromiumDriver lambda$new$5
WARNING: Unable to find version of CDP to use for 136.0.7103.93. You may need to include a dependency on a specific version of the CDP using something similar to `org.seleniumhq.selenium:selenium-devtools-v86:4.26.0` where the version ("v86") matches the version of the chromium-based browser you're using and the version number of the artifact is the same as Selenium's.
]]></system-err>
  </testcase>
  <testcase name="registerNewUserWithShortPasswordFail" classname="tests.RegisterTest" time="14.219">
    <system-out><![CDATA[Создание пользователя: {"success":true,"user":{"email":"user1747224569167395@example.com","name":"User4564"},"accessToken":"Bearer eyJhbGciOiJIUzI1NiIsInR5cCI6IkpXVCJ9.eyJpZCI6IjY4MjQ4N2ZhOWVkMjgwMDAxYjVlOWEzMyIsImlhdCI6MTc0NzIyNDU3MCwiZXhwIjoxNzQ3MjI1NzcwfQ.DedIzyjp9DOfAI7Ok_qYsUUmaKyFThljhwRQXU34TRU","refreshToken":"5e5af6c2a8ac24ff9e95f18a324d4a1d65a73894d2683366d79fecc77211ab58194ca89b988b281c"}
Логин пользователя: {"success":true,"accessToken":"Bearer eyJhbGciOiJIUzI1NiIsInR5cCI6IkpXVCJ9.eyJpZCI6IjY4MjQ4N2ZhOWVkMjgwMDAxYjVlOWEzMyIsImlhdCI6MTc0NzIyNDU3MCwiZXhwIjoxNzQ3MjI1NzcwfQ.DedIzyjp9DOfAI7Ok_qYsUUmaKyFThljhwRQXU34TRU","refreshToken":"e42cac4adbfd5581577f1ad752e1b96dcc31b0bfbed956bdc7ca034f2d46ef8b1d8b5bc0f6831cec","user":{"email":"user1747224569167395@example.com","name":"User4564"}}
Удаление пользователя: {"success":true,"message":"User successfully removed"}
]]></system-out>
    <system-err><![CDATA[мая 14, 2025 3:09:29 PM org.openqa.selenium.devtools.CdpVersionFinder findNearestMatch
WARNING: Unable to find CDP implementation matching 136
мая 14, 2025 3:09:29 PM org.openqa.selenium.chromium.ChromiumDriver lambda$new$5
WARNING: Unable to find version of CDP to use for 136.0.7103.93. You may need to include a dependency on a specific version of the CDP using something similar to `org.seleniumhq.selenium:selenium-devtools-v86:4.26.0` where the version ("v86") matches the version of the chromium-based browser you're using and the version number of the artifact is the same as Selenium's.
]]></system-err>
  </testcase>
</testsuite>