<?xml version="1.0" encoding="UTF-8"?>
<testsuite xmlns:xsi="http://www.w3.org/2001/XMLSchema-instance" xsi:noNamespaceSchemaLocation="https://maven.apache.org/surefire/maven-surefire-plugin/xsd/surefire-test-report-3.0.xsd" version="3.0" name="tests.ProfileTest" time="52.542" tests="3" errors="1" skipped="0" failures="0">
  <properties>
[...]
</properties>
  <testcase name="registerAccountButtonSuccess" classname="tests.ProfileTest" time="17.654">
    <system-out><![CDATA[Создание пользователя: {"success":true,"user":{"email":"user1747224500328515@example.com","name":"User1382"},"accessToken":"Bearer eyJhbGciOiJIUzI1NiIsInR5cCI6IkpXVCJ9.eyJpZCI6IjY4MjQ4N2I1OWVkMjgwMDAxYjVlOWExZSIsImlhdCI6MTc0NzIyNDUwMSwiZXhwIjoxNzQ3MjI1NzAxfQ.RxPAenun-Yq9SElwTJaLPTPcDBXFyN4iapoWSgqkOqQ","refreshToken":"8bc5bb308ecece476f89ba87163d0762b04bb03deea478e7b9ca3cb401fb7ad70867c500605d972d"}
Логин пользователя: {"success":true,"accessToken":"Bearer eyJhbGciOiJIUzI1NiIsInR5cCI6IkpXVCJ9.eyJpZCI6IjY4MjQ4N2I1OWVkMjgwMDAxYjVlOWExZSIsImlhdCI6MTc0NzIyNDUwMSwiZXhwIjoxNzQ3MjI1NzAxfQ.RxPAenun-Yq9SElwTJaLPTPcDBXFyN4iapoWSgqkOqQ","refreshToken":"d170cea42c8f0c02427afbc0d93a1906d29191c240a54f1779a2c80417e02d01acd95f08519f3d5a","user":{"email":"user1747224500328515@example.com","name":"User1382"}}
Удаление пользователя: {"success":true,"message":"User successfully removed"}
]]></system-out>
    <system-err><![CDATA[мая 14, 2025 3:08:20 PM org.openqa.selenium.devtools.CdpVersionFinder findNearestMatch
WARNING: Unable to find CDP implementation matching 136
мая 14, 2025 3:08:20 PM org.openqa.selenium.chromium.ChromiumDriver lambda$new$5
WARNING: Unable to find version of CDP to use for 136.0.7103.93. You may need to include a dependency on a specific version of the CDP using something similar to `org.seleniumhq.selenium:selenium-devtools-v86:4.26.0` where the version ("v86") matches the version of the chromium-based browser you're using and the version number of the artifact is the same as Selenium's.
]]></system-err>
  </testcase>
  <testcase name="clickAccountLinkSuccess" classname="tests.ProfileTest" time="19.313">
    <error message="element click intercepted: Element &lt;p class=&quot;AppHeader_header__linkText__3q_va ml-2&quot;&gt;...&lt;/p&gt; is not clickable at point (1347, 44). Other element would receive the click: &lt;div class=&quot;Modal_modal_overlay__x2ZCr&quot;&gt;&lt;/div&gt;&#10;  (Session info: chrome=136.0.7103.93)&#10;Build info: version: &apos;4.26.0&apos;, revision: &apos;8ccf0219d7&apos;&#10;System info: os.name: &apos;Windows 10&apos;, os.arch: &apos;amd64&apos;, os.version: &apos;10.0&apos;, java.version: &apos;11.0.24&apos;&#10;Driver info: org.openqa.selenium.chrome.ChromeDriver&#10;Command: [85b039171a358ab239317f41b690f37f, clickElement {id=f.9BCCE7DE41562B7C74BBFDFD0D0303FF.d.60F3A354A6DC8231B87B5C9E122DC9C3.e.6}]&#10;Capabilities {acceptInsecureCerts: false, browserName: chrome, browserVersion: 136.0.7103.93, chrome: {chromedriverVersion: 136.0.7103.92 (cb81a4cc5087..., userDataDir: C:\Users\User\AppData\Local...}, fedcm:accounts: true, goog:chromeOptions: {debuggerAddress: localhost:56098}, networkConnectionEnabled: false, pageLoadStrategy: normal, platformName: windows, proxy: Proxy(), se:cdp: ws://localhost:56098/devtoo..., se:cdpVersion: 136.0.7103.93, setWindowRect: true, strictFileInteractability: false, timeouts: {implicit: 0, pageLoad: 300000, script: 30000}, unhandledPromptBehavior: dismiss and notify, webauthn:extension:credBlob: true, webauthn:extension:largeBlob: true, webauthn:extension:minPinLength: true, webauthn:extension:prf: true, webauthn:virtualAuthenticators: true}&#10;Element: [[ChromeDriver: chrome on windows (85b039171a358ab239317f41b690f37f)] -&gt; xpath: //p[contains(text(),&apos;Личный Кабинет&apos;)]]&#10;Session ID: 85b039171a358ab239317f41b690f37f" type="org.openqa.selenium.ElementClickInterceptedException"><![CDATA[org.openqa.selenium.ElementClickInterceptedException: 
element click intercepted: Element <p class="AppHeader_header__linkText__3q_va ml-2">...</p> is not clickable at point (1347, 44). Other element would receive the click: <div class="Modal_modal_overlay__x2ZCr"></div>
  (Session info: chrome=136.0.7103.93)
Build info: version: '4.26.0', revision: '8ccf0219d7'
System info: os.name: 'Windows 10', os.arch: 'amd64', os.version: '10.0', java.version: '11.0.24'
Driver info: org.openqa.selenium.chrome.ChromeDriver
Command: [85b039171a358ab239317f41b690f37f, clickElement {id=f.9BCCE7DE41562B7C74BBFDFD0D0303FF.d.60F3A354A6DC8231B87B5C9E122DC9C3.e.6}]
Capabilities {acceptInsecureCerts: false, browserName: chrome, browserVersion: 136.0.7103.93, chrome: {chromedriverVersion: 136.0.7103.92 (cb81a4cc5087..., userDataDir: C:\Users\User\AppData\Local...}, fedcm:accounts: true, goog:chromeOptions: {debuggerAddress: localhost:56098}, networkConnectionEnabled: false, pageLoadStrategy: normal, platformName: windows, proxy: Proxy(), se:cdp: ws://localhost:56098/devtoo..., se:cdpVersion: 136.0.7103.93, setWindowRect: true, strictFileInteractability: false, timeouts: {implicit: 0, pageLoad: 300000, script: 30000}, unhandledPromptBehavior: dismiss and notify, webauthn:extension:credBlob: true, webauthn:extension:largeBlob: true, webauthn:extension:minPinLength: true, webauthn:extension:prf: true, webauthn:virtualAuthenticators: true}
Element: [[ChromeDriver: chrome on windows (85b039171a358ab239317f41b690f37f)] -> xpath: //p[contains(text(),'Личный Кабинет')]]
Session ID: 85b039171a358ab239317f41b690f37f
	at java.base/jdk.internal.reflect.NativeConstructorAccessorImpl.newInstance0(Native Method)
	at java.base/jdk.internal.reflect.NativeConstructorAccessorImpl.newInstance(NativeConstructorAccessorImpl.java:62)
	at java.base/jdk.internal.reflect.DelegatingConstructorAccessorImpl.newInstance(DelegatingConstructorAccessorImpl.java:45)
	at java.base/java.lang.reflect.Constructor.newInstance(Constructor.java:490)
	at org.openqa.selenium.remote.ErrorCodec.decode(ErrorCodec.java:167)
	at org.openqa.selenium.remote.codec.w3c.W3CHttpResponseCodec.decode(W3CHttpResponseCodec.java:138)
	at org.openqa.selenium.remote.codec.w3c.W3CHttpResponseCodec.decode(W3CHttpResponseCodec.java:50)
	at org.openqa.selenium.remote.HttpCommandExecutor.execute(HttpCommandExecutor.java:190)
	at org.openqa.selenium.remote.service.DriverCommandExecutor.invokeExecute(DriverCommandExecutor.java:216)
	at org.openqa.selenium.remote.service.DriverCommandExecutor.execute(DriverCommandExecutor.java:174)
	at org.openqa.selenium.remote.RemoteWebDriver.execute(RemoteWebDriver.java:545)
	at org.openqa.selenium.remote.RemoteWebElement.execute(RemoteWebElement.java:223)
	at org.openqa.selenium.remote.RemoteWebElement.click(RemoteWebElement.java:76)
	at pageObject.MainPage.goToProfilePage(MainPage.java:39)
	at tests.ProfileTest.clickAccountLinkSuccess(ProfileTest.java:30)
	at java.base/jdk.internal.reflect.NativeMethodAccessorImpl.invoke0(Native Method)
	at java.base/jdk.internal.reflect.NativeMethodAccessorImpl.invoke(NativeMethodAccessorImpl.java:62)
	at java.base/jdk.internal.reflect.DelegatingMethodAccessorImpl.invoke(DelegatingMethodAccessorImpl.java:43)
	at java.base/java.lang.reflect.Method.invoke(Method.java:566)
	at org.junit.runners.model.FrameworkMethod$1.runReflectiveCall(FrameworkMethod.java:59)
	at org.junit.internal.runners.model.ReflectiveCallable.run(ReflectiveCallable.java:12)
	at org.junit.runners.model.FrameworkMethod.invokeExplosively(FrameworkMethod.java:56)
	at org.junit.internal.runners.statements.InvokeMethod.evaluate(InvokeMethod.java:17)
	at org.junit.internal.runners.statements.RunBefores.evaluate(RunBefores.java:26)
	at org.junit.internal.runners.statements.RunAfters.evaluate(RunAfters.java:27)
	at org.junit.runners.ParentRunner$3.evaluate(ParentRunner.java:306)
	at org.junit.runners.BlockJUnit4ClassRunner$1.evaluate(BlockJUnit4ClassRunner.java:100)
	at org.junit.runners.ParentRunner.runLeaf(ParentRunner.java:366)
	at org.junit.runners.BlockJUnit4ClassRunner.runChild(BlockJUnit4ClassRunner.java:103)
	at org.junit.runners.BlockJUnit4ClassRunner.runChild(BlockJUnit4ClassRunner.java:63)
	at org.junit.runners.ParentRunner$4.run(ParentRunner.java:331)
	at org.junit.runners.ParentRunner$1.schedule(ParentRunner.java:79)
	at org.junit.runners.ParentRunner.runChildren(ParentRunner.java:329)
	at org.junit.runners.ParentRunner.access$100(ParentRunner.java:66)
	at org.junit.runners.ParentRunner$2.evaluate(ParentRunner.java:293)
	at org.junit.runners.ParentRunner$3.evaluate(ParentRunner.java:306)
	at org.junit.runners.ParentRunner.run(ParentRunner.java:413)
	at org.apache.maven.surefire.junit4.JUnit4Provider.execute(JUnit4Provider.java:316)
	at org.apache.maven.surefire.junit4.JUnit4Provider.executeWithRerun(JUnit4Provider.java:240)
	at org.apache.maven.surefire.junit4.JUnit4Provider.executeTestSet(JUnit4Provider.java:214)
	at org.apache.maven.surefire.junit4.JUnit4Provider.invoke(JUnit4Provider.java:155)
	at org.apache.maven.surefire.booter.ForkedBooter.runSuitesInProcess(ForkedBooter.java:385)
	at org.apache.maven.surefire.booter.ForkedBooter.execute(ForkedBooter.java:162)
	at org.apache.maven.surefire.booter.ForkedBooter.run(ForkedBooter.java:507)
	at org.apache.maven.surefire.booter.ForkedBooter.main(ForkedBooter.java:495)
]]></error>
    <system-out><![CDATA[Создание пользователя: {"success":true,"user":{"email":"user1747224517611141@example.com","name":"User5806"},"accessToken":"Bearer eyJhbGciOiJIUzI1NiIsInR5cCI6IkpXVCJ9.eyJpZCI6IjY4MjQ4N2M2OWVkMjgwMDAxYjVlOWEyMiIsImlhdCI6MTc0NzIyNDUxOCwiZXhwIjoxNzQ3MjI1NzE4fQ.6qWu3DdUOEXMFjKupIt0bljPK9ZCRVlvmmvUTztk6qU","refreshToken":"1869c7aef507ab298ffc310f4624672add41c005e9986d443ff5af574b64b706999aba3a0b593a19"}
Логин пользователя: {"success":true,"accessToken":"Bearer eyJhbGciOiJIUzI1NiIsInR5cCI6IkpXVCJ9.eyJpZCI6IjY4MjQ4N2M2OWVkMjgwMDAxYjVlOWEyMiIsImlhdCI6MTc0NzIyNDUxOSwiZXhwIjoxNzQ3MjI1NzE5fQ.56tf5cxIxYvlDEYhcFSmIGt_rAD1hE_9r76D6GGjSoA","refreshToken":"0bb2d3471bd3d9b78197d1cedbf157c3382ec6f81c195b04b6559ca55903c39545082f241dda6d95","user":{"email":"user1747224517611141@example.com","name":"User5806"}}
Удаление пользователя: {"success":true,"message":"User successfully removed"}
]]></system-out>
    <system-err><![CDATA[мая 14, 2025 3:08:37 PM org.openqa.selenium.devtools.CdpVersionFinder findNearestMatch
WARNING: Unable to find CDP implementation matching 136
мая 14, 2025 3:08:37 PM org.openqa.selenium.chromium.ChromiumDriver lambda$new$5
WARNING: Unable to find version of CDP to use for 136.0.7103.93. You may need to include a dependency on a specific version of the CDP using something similar to `org.seleniumhq.selenium:selenium-devtools-v86:4.26.0` where the version ("v86") matches the version of the chromium-based browser you're using and the version number of the artifact is the same as Selenium's.
]]></system-err>
  </testcase>
  <testcase name="clickLogoGetMainPage" classname="tests.ProfileTest" time="15.537">
    <system-out><![CDATA[Создание пользователя: {"success":true,"user":{"email":"user1747224537601393@example.com","name":"User2253"},"accessToken":"Bearer eyJhbGciOiJIUzI1NiIsInR5cCI6IkpXVCJ9.eyJpZCI6IjY4MjQ4N2RhOWVkMjgwMDAxYjVlOWEyOCIsImlhdCI6MTc0NzIyNDUzOCwiZXhwIjoxNzQ3MjI1NzM4fQ.an_eC7HV7USV0Pn68jmcHK1xoWP7HgVTkwIzDu8JuKA","refreshToken":"dc0c8dd064b6274a56b5dd9744f72a803a3d33715664a9697cd0add2795633792706a93c12c69592"}
Логин пользователя: {"success":true,"accessToken":"Bearer eyJhbGciOiJIUzI1NiIsInR5cCI6IkpXVCJ9.eyJpZCI6IjY4MjQ4N2RhOWVkMjgwMDAxYjVlOWEyOCIsImlhdCI6MTc0NzIyNDUzOSwiZXhwIjoxNzQ3MjI1NzM5fQ.Jd1Q2mimhdqB-1isf9Se-DzHuVajEW08HlN1NCh51IU","refreshToken":"8905767962b20cbb5fd811e762456fb6b420f59866680495fb1998073266deb8b23e095811a2e3d9","user":{"email":"user1747224537601393@example.com","name":"User2253"}}
Удаление пользователя: {"success":true,"message":"User successfully removed"}
]]></system-out>
    <system-err><![CDATA[мая 14, 2025 3:08:57 PM org.openqa.selenium.devtools.CdpVersionFinder findNearestMatch
WARNING: Unable to find CDP implementation matching 136
мая 14, 2025 3:08:57 PM org.openqa.selenium.chromium.ChromiumDriver lambda$new$5
WARNING: Unable to find version of CDP to use for 136.0.7103.93. You may need to include a dependency on a specific version of the CDP using something similar to `org.seleniumhq.selenium:selenium-devtools-v86:4.26.0` where the version ("v86") matches the version of the chromium-based browser you're using and the version number of the artifact is the same as Selenium's.
]]></system-err>
  </testcase>
</testsuite>